37634
20587
21987
17162
33227
38030
45113
19851
49106
16819
39161
25946
30651
19947
28002
28585
20705
19653
29934
32621
25896
23404
39466
27833
47241
20509
33689
43784
25366
40276
36594
32168
21800
39300
24971
31802
33289
44764
35076
27598
34462
27300
44593
46891
36332
49476
30775
27947
32763
31907
46065
26435
18542
46151
16762
47305
46765
22178
16682
33023
47731
22232
44525
23434
48939
31866
21016
43088
44348
19540
39963
22086
33306
43915
24887
49460
44039
35727
18509
48332
26038
16959
23439
33617
28826
29596
49386
21489
47694
40339
17632
40307
29052
44567
29807
35114
35457
32828
26129
48398
